2021-07-15 15:09:07.808  INFO [movie-service,,] 8632 --- [restartedMain] .e.DevToolsPropertyDefaultsPostProcessor : Devtools property defaults active! Set 'spring.devtools.add-properties' to 'false' to disable
2021-07-15 15:09:09.373  INFO [movie-service,,] 8632 --- [restartedMain] c.c.c.ConfigServicePropertySourceLocator : Fetching config from server at : http://localhost:9090
2021-07-15 15:09:14.917  INFO [movie-service,,] 8632 --- [restartedMain] c.c.c.ConfigServicePropertySourceLocator : Located environment: name=movie-service, profiles=[default], label=null, version=5f7dfff238b1672a7bdcddaaaaecf124a49813c6, state=null
2021-07-15 15:09:14.923  INFO [movie-service,,] 8632 --- [restartedMain] b.c.PropertySourceBootstrapConfiguration : Located property source: [BootstrapPropertySource {name='bootstrapProperties-configClient'}, BootstrapPropertySource {name='bootstrapProperties-https://github.com/dnilay/config-server-repo.git/file:C:\Users\001ZD5~1\AppData\Local\Temp\config-repo-7977797583626333011\application.yml'}]
2021-07-15 15:09:15.038  INFO [movie-service,,] 8632 --- [restartedMain] c.e.demo.MovieServiceAppApplication      : No active profile set, falling back to default profiles: default
2021-07-15 15:09:18.476  INFO [movie-service,,] 8632 --- [restartedMain] .s.d.r.c.RepositoryConfigurationDelegate : Bootstrapping Spring Data JPA repositories in DEFAULT mode.
2021-07-15 15:09:19.042  INFO [movie-service,,] 8632 --- [restartedMain] .s.d.r.c.RepositoryConfigurationDelegate : Finished Spring Data repository scanning in 537 ms. Found 1 JPA repository interfaces.
2021-07-15 15:09:20.720  INFO [movie-service,,] 8632 --- [restartedMain] o.s.cloud.context.scope.GenericScope     : BeanFactory id=e90fa80b-7b38-32f5-a3a9-399ec092552f
2021-07-15 15:09:23.598  INFO [movie-service,,] 8632 --- [restartedMain] o.s.b.w.embedded.tomcat.TomcatWebServer  : Tomcat initialized with port(s): 0 (http)
2021-07-15 15:09:23.625  INFO [movie-service,,] 8632 --- [restartedMain] o.apache.catalina.core.StandardService   : Starting service [Tomcat]
2021-07-15 15:09:23.626  INFO [movie-service,,] 8632 --- [restartedMain] org.apache.catalina.core.StandardEngine  : Starting Servlet engine: [Apache Tomcat/9.0.48]
2021-07-15 15:09:23.988  INFO [movie-service,,] 8632 --- [restartedMain] o.a.c.c.C.[Tomcat].[localhost].[/]       : Initializing Spring embedded WebApplicationContext
2021-07-15 15:09:23.989  INFO [movie-service,,] 8632 --- [restartedMain] w.s.c.ServletWebServerApplicationContext : Root WebApplicationContext: initialization completed in 8886 ms
2021-07-15 15:09:24.667  INFO [movie-service,,] 8632 --- [restartedMain] com.zaxxer.hikari.HikariDataSource       : HikariPool-1 - Starting...
2021-07-15 15:09:25.465  INFO [movie-service,,] 8632 --- [restartedMain] com.zaxxer.hikari.HikariDataSource       : HikariPool-1 - Start completed.
2021-07-15 15:09:25.496  INFO [movie-service,,] 8632 --- [restartedMain] o.s.b.a.h2.H2ConsoleAutoConfiguration    : H2 console available at '/h2-console'. Database available at 'jdbc:h2:mem:testDB'
2021-07-15 15:09:29.832  INFO [movie-service,,] 8632 --- [restartedMain] o.hibernate.jpa.internal.util.LogHelper  : HHH000204: Processing PersistenceUnitInfo [name: default]
2021-07-15 15:09:30.002  INFO [movie-service,,] 8632 --- [restartedMain] org.hibernate.Version                    : HHH000412: Hibernate ORM core version 5.4.32.Final
2021-07-15 15:09:30.431  INFO [movie-service,,] 8632 --- [restartedMain] o.hibernate.annotations.common.Version   : HCANN000001: Hibernate Commons Annotations {5.1.2.Final}
2021-07-15 15:09:30.874  INFO [movie-service,,] 8632 --- [restartedMain] org.hibernate.dialect.Dialect            : HHH000400: Using dialect: org.hibernate.dialect.H2Dialect
2021-07-15 15:09:31.878  INFO [movie-service,,] 8632 --- [restartedMain] org.hibernate.tuple.PojoInstantiator     : HHH000182: No default (no-argument) constructor for class: com.example.demo.model.Movie (class must be instantiated by Interceptor)
2021-07-15 15:09:32.713  INFO [movie-service,,] 8632 --- [restartedMain] o.h.e.t.j.p.i.JtaPlatformInitiator       : HHH000490: Using JtaPlatform implementation: [org.hibernate.engine.transaction.jta.platform.internal.NoJtaPlatform]
2021-07-15 15:09:32.736  INFO [movie-service,,] 8632 --- [restartedMain] j.LocalContainerEntityManagerFactoryBean : Initialized JPA EntityManagerFactory for persistence unit 'default'
2021-07-15 15:09:33.024  WARN [movie-service,,] 8632 --- [restartedMain] o.s.b.d.a.OptionalLiveReloadServer       : Unable to start LiveReload server
2021-07-15 15:09:34.627  WARN [movie-service,,] 8632 --- [restartedMain] JpaBaseConfiguration$JpaWebConfiguration : spring.jpa.open-in-view is enabled by default. Therefore, database queries may be performed during view rendering. Explicitly configure spring.jpa.open-in-view to disable this warning
2021-07-15 15:09:39.510  INFO [movie-service,,] 8632 --- [restartedMain] DiscoveryClientOptionalArgsConfiguration : Eureka HTTP Client uses RestTemplate.
2021-07-15 15:09:40.437  WARN [movie-service,,] 8632 --- [restartedMain] iguration$LoadBalancerCaffeineWarnLogger : Spring Cloud LoadBalancer is currently working with the default cache. You can switch to using Caffeine cache, by adding it and org.springframework.cache.caffeine.CaffeineCacheManager to the classpath.
2021-07-15 15:09:40.867  INFO [movie-service,,] 8632 --- [restartedMain] o.s.b.a.e.web.EndpointLinksResolver      : Exposing 2 endpoint(s) beneath base path '/actuator'
2021-07-15 15:09:41.320  INFO [movie-service,,] 8632 --- [restartedMain] o.s.b.w.embedded.tomcat.TomcatWebServer  : Tomcat started on port(s): 55704 (http) with context path ''
2021-07-15 15:09:41.323  INFO [movie-service,,] 8632 --- [restartedMain] .s.c.n.e.s.EurekaAutoServiceRegistration : Updating port to 55704
2021-07-15 15:09:41.341  INFO [movie-service,,] 8632 --- [restartedMain] o.s.c.n.eureka.InstanceInfoFactory       : Setting initial instance status as: STARTING
2021-07-15 15:09:41.487  INFO [movie-service,,] 8632 --- [restartedMain] com.netflix.discovery.DiscoveryClient    : Initializing Eureka in region us-east-1
2021-07-15 15:09:41.500  INFO [movie-service,,] 8632 --- [restartedMain] c.n.d.s.r.aws.ConfigClusterResolver      : Resolving eureka endpoints via configuration
2021-07-15 15:09:41.582  INFO [movie-service,,] 8632 --- [restartedMain] com.netflix.discovery.DiscoveryClient    : Disable delta property : false
2021-07-15 15:09:41.583  INFO [movie-service,,] 8632 --- [restartedMain] com.netflix.discovery.DiscoveryClient    : Single vip registry refresh property : null
2021-07-15 15:09:41.584  INFO [movie-service,,] 8632 --- [restartedMain] com.netflix.discovery.DiscoveryClient    : Force full registry fetch : false
2021-07-15 15:09:41.584  INFO [movie-service,,] 8632 --- [restartedMain] com.netflix.discovery.DiscoveryClient    : Application is null : false
2021-07-15 15:09:41.584  INFO [movie-service,,] 8632 --- [restartedMain] com.netflix.discovery.DiscoveryClient    : Registered Applications size is zero : true
2021-07-15 15:09:41.585  INFO [movie-service,,] 8632 --- [restartedMain] com.netflix.discovery.DiscoveryClient    : Application version is -1: true
2021-07-15 15:09:41.585  INFO [movie-service,,] 8632 --- [restartedMain] com.netflix.discovery.DiscoveryClient    : Getting all instance registry info from the eureka server
2021-07-15 15:09:42.173  INFO [movie-service,,] 8632 --- [restartedMain] com.netflix.discovery.DiscoveryClient    : The response status is 200
2021-07-15 15:09:42.193  INFO [movie-service,,] 8632 --- [restartedMain] com.netflix.discovery.DiscoveryClient    : Starting heartbeat executor: renew interval is: 30
2021-07-15 15:09:42.212  INFO [movie-service,,] 8632 --- [restartedMain] c.n.discovery.InstanceInfoReplicator     : InstanceInfoReplicator onDemand update allowed rate per min is 4
2021-07-15 15:09:42.250  INFO [movie-service,,] 8632 --- [restartedMain] com.netflix.discovery.DiscoveryClient    : Discovery Client initialized at timestamp 1626341982248 with initial instances count: 1
2021-07-15 15:09:42.292  INFO [movie-service,,] 8632 --- [restartedMain] o.s.c.n.e.s.EurekaServiceRegistry        : Registering application MOVIE-SERVICE with eureka with status UP
2021-07-15 15:09:42.294  INFO [movie-service,,] 8632 --- [restartedMain] com.netflix.discovery.DiscoveryClient    : Saw local status change event StatusChangeEvent [timestamp=1626341982294, current=UP, previous=STARTING]
2021-07-15 15:09:42.299  INFO [movie-service,,] 8632 --- [DiscoveryClient-InstanceInfoReplicator-0] com.netflix.discovery.DiscoveryClient    : DiscoveryClient_MOVIE-SERVICE/movie-service:15d2f5616dab1d06ab9db496f770ea7d: registering service...
2021-07-15 15:09:42.657  INFO [movie-service,,] 8632 --- [restartedMain] c.e.demo.MovieServiceAppApplication      : Started MovieServiceAppApplication in 36.463 seconds (JVM running for 46.415)
2021-07-15 15:09:42.665  INFO [movie-service,,] 8632 --- [DiscoveryClient-InstanceInfoReplicator-0] com.netflix.discovery.DiscoveryClient    : DiscoveryClient_MOVIE-SERVICE/movie-service:15d2f5616dab1d06ab9db496f770ea7d - registration status: 204
2021-07-15 15:09:46.990  WARN [movie-service,,] 8632 --- [registrationTask1] d.c.b.a.c.r.ApplicationRegistrator       : Failed to register application as Application(name=movie-service, managementUrl=http://host.docker.internal:55704/actuator, healthUrl=http://host.docker.internal:55704/actuator/health, serviceUrl=http://host.docker.internal:55704/) at spring-boot-admin ([http://admin:admin@localhost:8888//instances]): I/O error on POST request for "http://admin:admin@localhost:8888/instances": Connect to localhost:8888 [localhost/127.0.0.1, localhost/0:0:0:0:0:0:0:1] failed: Connection refused: no further information; nested exception is org.apache.http.conn.HttpHostConnectException: Connect to localhost:8888 [localhost/127.0.0.1, localhost/0:0:0:0:0:0:0:1] failed: Connection refused: no further information. Further attempts are logged on DEBUG level
2021-07-15 15:14:41.599  INFO [movie-service,,] 8632 --- [AsyncResolver-bootstrap-executor-0] c.n.d.s.r.aws.ConfigClusterResolver      : Resolving eureka endpoints via configuration
2021-07-15 15:19:41.615  INFO [movie-service,,] 8632 --- [AsyncResolver-bootstrap-executor-0] c.n.d.s.r.aws.ConfigClusterResolver      : Resolving eureka endpoints via configuration
2021-07-15 15:24:41.619  INFO [movie-service,,] 8632 --- [AsyncResolver-bootstrap-executor-0] c.n.d.s.r.aws.ConfigClusterResolver      : Resolving eureka endpoints via configuration
2021-07-15 15:29:41.630  INFO [movie-service,,] 8632 --- [AsyncResolver-bootstrap-executor-0] c.n.d.s.r.aws.ConfigClusterResolver      : Resolving eureka endpoints via configuration
2021-07-15 15:34:41.639  INFO [movie-service,,] 8632 --- [AsyncResolver-bootstrap-executor-0] c.n.d.s.r.aws.ConfigClusterResolver      : Resolving eureka endpoints via configuration
2021-07-15 15:39:41.649  INFO [movie-service,,] 8632 --- [AsyncResolver-bootstrap-executor-0] c.n.d.s.r.aws.ConfigClusterResolver      : Resolving eureka endpoints via configuration
2021-07-15 15:44:41.669  INFO [movie-service,,] 8632 --- [AsyncResolver-bootstrap-executor-0] c.n.d.s.r.aws.ConfigClusterResolver      : Resolving eureka endpoints via configuration
2021-07-15 15:49:41.687  INFO [movie-service,,] 8632 --- [AsyncResolver-bootstrap-executor-0] c.n.d.s.r.aws.ConfigClusterResolver      : Resolving eureka endpoints via configuration
2021-07-15 15:54:41.695  INFO [movie-service,,] 8632 --- [AsyncResolver-bootstrap-executor-0] c.n.d.s.r.aws.ConfigClusterResolver      : Resolving eureka endpoints via configuration
2021-07-15 15:59:41.702  INFO [movie-service,,] 8632 --- [AsyncResolver-bootstrap-executor-0] c.n.d.s.r.aws.ConfigClusterResolver      : Resolving eureka endpoints via configuration
2021-07-15 16:04:41.706  INFO [movie-service,,] 8632 --- [AsyncResolver-bootstrap-executor-0] c.n.d.s.r.aws.ConfigClusterResolver      : Resolving eureka endpoints via configuration
2021-07-15 16:09:41.713  INFO [movie-service,,] 8632 --- [AsyncResolver-bootstrap-executor-0] c.n.d.s.r.aws.ConfigClusterResolver      : Resolving eureka endpoints via configuration
2021-07-15 16:14:41.726  INFO [movie-service,,] 8632 --- [AsyncResolver-bootstrap-executor-0] c.n.d.s.r.aws.ConfigClusterResolver      : Resolving eureka endpoints via configuration
2021-07-15 16:19:41.728  INFO [movie-service,,] 8632 --- [AsyncResolver-bootstrap-executor-0] c.n.d.s.r.aws.ConfigClusterResolver      : Resolving eureka endpoints via configuration
2021-07-15 16:24:41.745  INFO [movie-service,,] 8632 --- [AsyncResolver-bootstrap-executor-0] c.n.d.s.r.aws.ConfigClusterResolver      : Resolving eureka endpoints via configuration
2021-07-15 16:29:41.760  INFO [movie-service,,] 8632 --- [AsyncResolver-bootstrap-executor-0] c.n.d.s.r.aws.ConfigClusterResolver      : Resolving eureka endpoints via configuration
2021-07-15 16:34:41.774  INFO [movie-service,,] 8632 --- [AsyncResolver-bootstrap-executor-0] c.n.d.s.r.aws.ConfigClusterResolver      : Resolving eureka endpoints via configuration
2021-07-15 16:39:41.790  INFO [movie-service,,] 8632 --- [AsyncResolver-bootstrap-executor-0] c.n.d.s.r.aws.ConfigClusterResolver      : Resolving eureka endpoints via configuration
2021-07-15 16:44:41.793  INFO [movie-service,,] 8632 --- [AsyncResolver-bootstrap-executor-0] c.n.d.s.r.aws.ConfigClusterResolver      : Resolving eureka endpoints via configuration
2021-07-15 16:49:41.808  INFO [movie-service,,] 8632 --- [AsyncResolver-bootstrap-executor-0] c.n.d.s.r.aws.ConfigClusterResolver      : Resolving eureka endpoints via configuration
2021-07-15 16:54:41.816  INFO [movie-service,,] 8632 --- [AsyncResolver-bootstrap-executor-0] c.n.d.s.r.aws.ConfigClusterResolver      : Resolving eureka endpoints via configuration
2021-07-15 16:59:41.829  INFO [movie-service,,] 8632 --- [AsyncResolver-bootstrap-executor-0] c.n.d.s.r.aws.ConfigClusterResolver      : Resolving eureka endpoints via configuration
2021-07-15 17:04:41.832  INFO [movie-service,,] 8632 --- [AsyncResolver-bootstrap-executor-0] c.n.d.s.r.aws.ConfigClusterResolver      : Resolving eureka endpoints via configuration
2021-07-15 17:09:41.843  INFO [movie-service,,] 8632 --- [AsyncResolver-bootstrap-executor-0] c.n.d.s.r.aws.ConfigClusterResolver      : Resolving eureka endpoints via configuration
2021-07-15 17:14:41.847  INFO [movie-service,,] 8632 --- [AsyncResolver-bootstrap-executor-0] c.n.d.s.r.aws.ConfigClusterResolver      : Resolving eureka endpoints via configuration
2021-07-15 17:19:41.856  INFO [movie-service,,] 8632 --- [AsyncResolver-bootstrap-executor-0] c.n.d.s.r.aws.ConfigClusterResolver      : Resolving eureka endpoints via configuration
2021-07-15 17:24:41.861  INFO [movie-service,,] 8632 --- [AsyncResolver-bootstrap-executor-0] c.n.d.s.r.aws.ConfigClusterResolver      : Resolving eureka endpoints via configuration
2021-07-15 17:29:41.869  INFO [movie-service,,] 8632 --- [AsyncResolver-bootstrap-executor-0] c.n.d.s.r.aws.ConfigClusterResolver      : Resolving eureka endpoints via configuration
2021-07-15 17:34:41.886  INFO [movie-service,,] 8632 --- [AsyncResolver-bootstrap-executor-0] c.n.d.s.r.aws.ConfigClusterResolver      : Resolving eureka endpoints via configuration
2021-07-15 17:39:41.900  INFO [movie-service,,] 8632 --- [AsyncResolver-bootstrap-executor-0] c.n.d.s.r.aws.ConfigClusterResolver      : Resolving eureka endpoints via configuration
2021-07-15 17:44:41.905  INFO [movie-service,,] 8632 --- [AsyncResolver-bootstrap-executor-0] c.n.d.s.r.aws.ConfigClusterResolver      : Resolving eureka endpoints via configuration
2021-07-15 17:49:41.909  INFO [movie-service,,] 8632 --- [AsyncResolver-bootstrap-executor-0] c.n.d.s.r.aws.ConfigClusterResolver      : Resolving eureka endpoints via configuration
2021-07-15 17:54:41.920  INFO [movie-service,,] 8632 --- [AsyncResolver-bootstrap-executor-0] c.n.d.s.r.aws.ConfigClusterResolver      : Resolving eureka endpoints via configuration
2021-07-15 17:59:41.929  INFO [movie-service,,] 8632 --- [AsyncResolver-bootstrap-executor-0] c.n.d.s.r.aws.ConfigClusterResolver      : Resolving eureka endpoints via configuration
