2021-07-15 15:10:32.103  INFO [rental-service,,] 17968 --- [restartedMain] .e.DevToolsPropertyDefaultsPostProcessor : Devtools property defaults active! Set 'spring.devtools.add-properties' to 'false' to disable
2021-07-15 15:10:33.643  INFO [rental-service,,] 17968 --- [restartedMain] c.c.c.ConfigServicePropertySourceLocator : Fetching config from server at : http://localhost:9090
2021-07-15 15:10:34.512  INFO [rental-service,,] 17968 --- [restartedMain] c.c.c.ConfigServicePropertySourceLocator : Located environment: name=rental-service, profiles=[default], label=null, version=5f7dfff238b1672a7bdcddaaaaecf124a49813c6, state=null
2021-07-15 15:10:34.516  INFO [rental-service,,] 17968 --- [restartedMain] b.c.PropertySourceBootstrapConfiguration : Located property source: [BootstrapPropertySource {name='bootstrapProperties-configClient'}, BootstrapPropertySource {name='bootstrapProperties-https://github.com/dnilay/config-server-repo.git/file:C:\Users\001ZD5~1\AppData\Local\Temp\config-repo-7977797583626333011\application.yml'}]
2021-07-15 15:10:34.572  INFO [rental-service,,] 17968 --- [restartedMain] com.example.demo.RentalAppApplication    : No active profile set, falling back to default profiles: default
2021-07-15 15:10:37.126  INFO [rental-service,,] 17968 --- [restartedMain] .s.d.r.c.RepositoryConfigurationDelegate : Bootstrapping Spring Data JPA repositories in DEFAULT mode.
2021-07-15 15:10:37.472  INFO [rental-service,,] 17968 --- [restartedMain] .s.d.r.c.RepositoryConfigurationDelegate : Finished Spring Data repository scanning in 327 ms. Found 1 JPA repository interfaces.
2021-07-15 15:10:38.479  INFO [rental-service,,] 17968 --- [restartedMain] o.s.cloud.context.scope.GenericScope     : BeanFactory id=7178a4dd-d85c-3597-b51d-93c33bce4dcc
2021-07-15 15:10:40.343  INFO [rental-service,,] 17968 --- [restartedMain] o.s.b.w.embedded.tomcat.TomcatWebServer  : Tomcat initialized with port(s): 0 (http)
2021-07-15 15:10:40.357  INFO [rental-service,,] 17968 --- [restartedMain] o.apache.catalina.core.StandardService   : Starting service [Tomcat]
2021-07-15 15:10:40.358  INFO [rental-service,,] 17968 --- [restartedMain] org.apache.catalina.core.StandardEngine  : Starting Servlet engine: [Apache Tomcat/9.0.48]
2021-07-15 15:10:40.548  INFO [rental-service,,] 17968 --- [restartedMain] o.a.c.c.C.[Tomcat].[localhost].[/]       : Initializing Spring embedded WebApplicationContext
2021-07-15 15:10:40.549  INFO [rental-service,,] 17968 --- [restartedMain] w.s.c.ServletWebServerApplicationContext : Root WebApplicationContext: initialization completed in 5923 ms
2021-07-15 15:10:41.015  INFO [rental-service,,] 17968 --- [restartedMain] com.zaxxer.hikari.HikariDataSource       : HikariPool-1 - Starting...
2021-07-15 15:10:41.566  INFO [rental-service,,] 17968 --- [restartedMain] com.zaxxer.hikari.HikariDataSource       : HikariPool-1 - Start completed.
2021-07-15 15:10:41.583  INFO [rental-service,,] 17968 --- [restartedMain] o.s.b.a.h2.H2ConsoleAutoConfiguration    : H2 console available at '/h2-console'. Database available at 'jdbc:h2:mem:testDB'
2021-07-15 15:10:44.316  INFO [rental-service,,] 17968 --- [restartedMain] o.hibernate.jpa.internal.util.LogHelper  : HHH000204: Processing PersistenceUnitInfo [name: default]
2021-07-15 15:10:44.441  INFO [rental-service,,] 17968 --- [restartedMain] org.hibernate.Version                    : HHH000412: Hibernate ORM core version 5.4.32.Final
2021-07-15 15:10:44.817  INFO [rental-service,,] 17968 --- [restartedMain] o.hibernate.annotations.common.Version   : HCANN000001: Hibernate Commons Annotations {5.1.2.Final}
2021-07-15 15:10:45.209  INFO [rental-service,,] 17968 --- [restartedMain] org.hibernate.dialect.Dialect            : HHH000400: Using dialect: org.hibernate.dialect.H2Dialect
2021-07-15 15:10:46.697  INFO [rental-service,,] 17968 --- [restartedMain] o.h.e.t.j.p.i.JtaPlatformInitiator       : HHH000490: Using JtaPlatform implementation: [org.hibernate.engine.transaction.jta.platform.internal.NoJtaPlatform]
2021-07-15 15:10:46.721  INFO [rental-service,,] 17968 --- [restartedMain] j.LocalContainerEntityManagerFactoryBean : Initialized JPA EntityManagerFactory for persistence unit 'default'
2021-07-15 15:10:46.937  WARN [rental-service,,] 17968 --- [restartedMain] o.s.b.d.a.OptionalLiveReloadServer       : Unable to start LiveReload server
2021-07-15 15:10:47.903  WARN [rental-service,,] 17968 --- [restartedMain] JpaBaseConfiguration$JpaWebConfiguration : spring.jpa.open-in-view is enabled by default. Therefore, database queries may be performed during view rendering. Explicitly configure spring.jpa.open-in-view to disable this warning
2021-07-15 15:10:48.094  WARN [rental-service,,] 17968 --- [restartedMain] o.s.c.openfeign.FeignClientFactoryBean   : The provided URL is empty. Will try picking an instance via load-balancing.
2021-07-15 15:10:50.595  INFO [rental-service,,] 17968 --- [restartedMain] DiscoveryClientOptionalArgsConfiguration : Eureka HTTP Client uses RestTemplate.
2021-07-15 15:10:51.222  WARN [rental-service,,] 17968 --- [restartedMain] iguration$LoadBalancerCaffeineWarnLogger : Spring Cloud LoadBalancer is currently working with the default cache. You can switch to using Caffeine cache, by adding it and org.springframework.cache.caffeine.CaffeineCacheManager to the classpath.
2021-07-15 15:10:51.372  INFO [rental-service,,] 17968 --- [restartedMain] o.s.b.a.e.web.EndpointLinksResolver      : Exposing 2 endpoint(s) beneath base path '/actuator'
2021-07-15 15:10:51.664  INFO [rental-service,,] 17968 --- [restartedMain] o.s.b.w.embedded.tomcat.TomcatWebServer  : Tomcat started on port(s): 54813 (http) with context path ''
2021-07-15 15:10:51.666  INFO [rental-service,,] 17968 --- [restartedMain] .s.c.n.e.s.EurekaAutoServiceRegistration : Updating port to 54813
2021-07-15 15:10:51.684  INFO [rental-service,,] 17968 --- [restartedMain] o.s.c.n.eureka.InstanceInfoFactory       : Setting initial instance status as: STARTING
2021-07-15 15:10:51.874  INFO [rental-service,,] 17968 --- [restartedMain] com.netflix.discovery.DiscoveryClient    : Initializing Eureka in region us-east-1
2021-07-15 15:10:51.890  INFO [rental-service,,] 17968 --- [restartedMain] c.n.d.s.r.aws.ConfigClusterResolver      : Resolving eureka endpoints via configuration
2021-07-15 15:10:51.998  INFO [rental-service,,] 17968 --- [restartedMain] com.netflix.discovery.DiscoveryClient    : Disable delta property : false
2021-07-15 15:10:51.999  INFO [rental-service,,] 17968 --- [restartedMain] com.netflix.discovery.DiscoveryClient    : Single vip registry refresh property : null
2021-07-15 15:10:52.000  INFO [rental-service,,] 17968 --- [restartedMain] com.netflix.discovery.DiscoveryClient    : Force full registry fetch : false
2021-07-15 15:10:52.000  INFO [rental-service,,] 17968 --- [restartedMain] com.netflix.discovery.DiscoveryClient    : Application is null : false
2021-07-15 15:10:52.001  INFO [rental-service,,] 17968 --- [restartedMain] com.netflix.discovery.DiscoveryClient    : Registered Applications size is zero : true
2021-07-15 15:10:52.001  INFO [rental-service,,] 17968 --- [restartedMain] com.netflix.discovery.DiscoveryClient    : Application version is -1: true
2021-07-15 15:10:52.001  INFO [rental-service,,] 17968 --- [restartedMain] com.netflix.discovery.DiscoveryClient    : Getting all instance registry info from the eureka server
2021-07-15 15:10:52.512  INFO [rental-service,,] 17968 --- [restartedMain] com.netflix.discovery.DiscoveryClient    : The response status is 200
2021-07-15 15:10:52.530  INFO [rental-service,,] 17968 --- [restartedMain] com.netflix.discovery.DiscoveryClient    : Starting heartbeat executor: renew interval is: 30
2021-07-15 15:10:52.548  INFO [rental-service,,] 17968 --- [restartedMain] c.n.discovery.InstanceInfoReplicator     : InstanceInfoReplicator onDemand update allowed rate per min is 4
2021-07-15 15:10:52.587  INFO [rental-service,,] 17968 --- [restartedMain] com.netflix.discovery.DiscoveryClient    : Discovery Client initialized at timestamp 1626342052585 with initial instances count: 2
2021-07-15 15:10:52.616  INFO [rental-service,,] 17968 --- [restartedMain] o.s.c.n.e.s.EurekaServiceRegistry        : Registering application RENTAL-SERVICE with eureka with status UP
2021-07-15 15:10:52.618  INFO [rental-service,,] 17968 --- [restartedMain] com.netflix.discovery.DiscoveryClient    : Saw local status change event StatusChangeEvent [timestamp=1626342052618, current=UP, previous=STARTING]
2021-07-15 15:10:52.622  INFO [rental-service,,] 17968 --- [DiscoveryClient-InstanceInfoReplicator-0] com.netflix.discovery.DiscoveryClient    : DiscoveryClient_RENTAL-SERVICE/rental-service:c4bea5a8985843cb2cd3fe8a8bc89370: registering service...
2021-07-15 15:10:53.018  INFO [rental-service,,] 17968 --- [restartedMain] com.example.demo.RentalAppApplication    : Started RentalAppApplication in 22.39 seconds (JVM running for 24.884)
2021-07-15 15:10:53.026  INFO [rental-service,,] 17968 --- [DiscoveryClient-InstanceInfoReplicator-0] com.netflix.discovery.DiscoveryClient    : DiscoveryClient_RENTAL-SERVICE/rental-service:c4bea5a8985843cb2cd3fe8a8bc89370 - registration status: 204
2021-07-15 15:10:57.140  WARN [rental-service,,] 17968 --- [registrationTask1] d.c.b.a.c.r.ApplicationRegistrator       : Failed to register application as Application(name=rental-service, managementUrl=http://host.docker.internal:54813/actuator, healthUrl=http://host.docker.internal:54813/actuator/health, serviceUrl=http://host.docker.internal:54813/) at spring-boot-admin ([http://admin:admin@localhost:8888//instances]): I/O error on POST request for "http://admin:admin@localhost:8888/instances": Connect to localhost:8888 [localhost/127.0.0.1, localhost/0:0:0:0:0:0:0:1] failed: Connection refused: no further information; nested exception is org.apache.http.conn.HttpHostConnectException: Connect to localhost:8888 [localhost/127.0.0.1, localhost/0:0:0:0:0:0:0:1] failed: Connection refused: no further information. Further attempts are logged on DEBUG level
2021-07-15 15:15:52.027  INFO [rental-service,,] 17968 --- [AsyncResolver-bootstrap-executor-0] c.n.d.s.r.aws.ConfigClusterResolver      : Resolving eureka endpoints via configuration
2021-07-15 15:20:52.044  INFO [rental-service,,] 17968 --- [AsyncResolver-bootstrap-executor-0] c.n.d.s.r.aws.ConfigClusterResolver      : Resolving eureka endpoints via configuration
2021-07-15 15:25:52.050  INFO [rental-service,,] 17968 --- [AsyncResolver-bootstrap-executor-0] c.n.d.s.r.aws.ConfigClusterResolver      : Resolving eureka endpoints via configuration
2021-07-15 15:30:52.053  INFO [rental-service,,] 17968 --- [AsyncResolver-bootstrap-executor-0] c.n.d.s.r.aws.ConfigClusterResolver      : Resolving eureka endpoints via configuration
2021-07-15 15:35:52.068  INFO [rental-service,,] 17968 --- [AsyncResolver-bootstrap-executor-0] c.n.d.s.r.aws.ConfigClusterResolver      : Resolving eureka endpoints via configuration
2021-07-15 15:40:52.085  INFO [rental-service,,] 17968 --- [AsyncResolver-bootstrap-executor-0] c.n.d.s.r.aws.ConfigClusterResolver      : Resolving eureka endpoints via configuration
2021-07-15 15:45:52.097  INFO [rental-service,,] 17968 --- [AsyncResolver-bootstrap-executor-0] c.n.d.s.r.aws.ConfigClusterResolver      : Resolving eureka endpoints via configuration
2021-07-15 15:50:52.113  INFO [rental-service,,] 17968 --- [AsyncResolver-bootstrap-executor-0] c.n.d.s.r.aws.ConfigClusterResolver      : Resolving eureka endpoints via configuration
2021-07-15 15:55:52.129  INFO [rental-service,,] 17968 --- [AsyncResolver-bootstrap-executor-0] c.n.d.s.r.aws.ConfigClusterResolver      : Resolving eureka endpoints via configuration
2021-07-15 16:00:52.132  INFO [rental-service,,] 17968 --- [AsyncResolver-bootstrap-executor-0] c.n.d.s.r.aws.ConfigClusterResolver      : Resolving eureka endpoints via configuration
2021-07-15 16:05:52.145  INFO [rental-service,,] 17968 --- [AsyncResolver-bootstrap-executor-0] c.n.d.s.r.aws.ConfigClusterResolver      : Resolving eureka endpoints via configuration
2021-07-15 16:10:52.153  INFO [rental-service,,] 17968 --- [AsyncResolver-bootstrap-executor-0] c.n.d.s.r.aws.ConfigClusterResolver      : Resolving eureka endpoints via configuration
2021-07-15 16:15:52.165  INFO [rental-service,,] 17968 --- [AsyncResolver-bootstrap-executor-0] c.n.d.s.r.aws.ConfigClusterResolver      : Resolving eureka endpoints via configuration
2021-07-15 16:20:52.179  INFO [rental-service,,] 17968 --- [AsyncResolver-bootstrap-executor-0] c.n.d.s.r.aws.ConfigClusterResolver      : Resolving eureka endpoints via configuration
2021-07-15 16:25:52.193  INFO [rental-service,,] 17968 --- [AsyncResolver-bootstrap-executor-0] c.n.d.s.r.aws.ConfigClusterResolver      : Resolving eureka endpoints via configuration
2021-07-15 16:30:52.203  INFO [rental-service,,] 17968 --- [AsyncResolver-bootstrap-executor-0] c.n.d.s.r.aws.ConfigClusterResolver      : Resolving eureka endpoints via configuration
2021-07-15 16:35:52.213  INFO [rental-service,,] 17968 --- [AsyncResolver-bootstrap-executor-0] c.n.d.s.r.aws.ConfigClusterResolver      : Resolving eureka endpoints via configuration
2021-07-15 16:40:52.219  INFO [rental-service,,] 17968 --- [AsyncResolver-bootstrap-executor-0] c.n.d.s.r.aws.ConfigClusterResolver      : Resolving eureka endpoints via configuration
2021-07-15 16:45:52.236  INFO [rental-service,,] 17968 --- [AsyncResolver-bootstrap-executor-0] c.n.d.s.r.aws.ConfigClusterResolver      : Resolving eureka endpoints via configuration
2021-07-15 16:50:52.250  INFO [rental-service,,] 17968 --- [AsyncResolver-bootstrap-executor-0] c.n.d.s.r.aws.ConfigClusterResolver      : Resolving eureka endpoints via configuration
2021-07-15 16:55:52.263  INFO [rental-service,,] 17968 --- [AsyncResolver-bootstrap-executor-0] c.n.d.s.r.aws.ConfigClusterResolver      : Resolving eureka endpoints via configuration
2021-07-15 17:00:52.279  INFO [rental-service,,] 17968 --- [AsyncResolver-bootstrap-executor-0] c.n.d.s.r.aws.ConfigClusterResolver      : Resolving eureka endpoints via configuration
2021-07-15 17:05:52.283  INFO [rental-service,,] 17968 --- [AsyncResolver-bootstrap-executor-0] c.n.d.s.r.aws.ConfigClusterResolver      : Resolving eureka endpoints via configuration
2021-07-15 17:10:52.285  INFO [rental-service,,] 17968 --- [AsyncResolver-bootstrap-executor-0] c.n.d.s.r.aws.ConfigClusterResolver      : Resolving eureka endpoints via configuration
2021-07-15 17:15:52.302  INFO [rental-service,,] 17968 --- [AsyncResolver-bootstrap-executor-0] c.n.d.s.r.aws.ConfigClusterResolver      : Resolving eureka endpoints via configuration
2021-07-15 17:20:52.317  INFO [rental-service,,] 17968 --- [AsyncResolver-bootstrap-executor-0] c.n.d.s.r.aws.ConfigClusterResolver      : Resolving eureka endpoints via configuration
2021-07-15 17:25:52.324  INFO [rental-service,,] 17968 --- [AsyncResolver-bootstrap-executor-0] c.n.d.s.r.aws.ConfigClusterResolver      : Resolving eureka endpoints via configuration
2021-07-15 17:30:52.331  INFO [rental-service,,] 17968 --- [AsyncResolver-bootstrap-executor-0] c.n.d.s.r.aws.ConfigClusterResolver      : Resolving eureka endpoints via configuration
2021-07-15 17:35:52.334  INFO [rental-service,,] 17968 --- [AsyncResolver-bootstrap-executor-0] c.n.d.s.r.aws.ConfigClusterResolver      : Resolving eureka endpoints via configuration
2021-07-15 17:40:52.345  INFO [rental-service,,] 17968 --- [AsyncResolver-bootstrap-executor-0] c.n.d.s.r.aws.ConfigClusterResolver      : Resolving eureka endpoints via configuration
2021-07-15 17:45:52.358  INFO [rental-service,,] 17968 --- [AsyncResolver-bootstrap-executor-0] c.n.d.s.r.aws.ConfigClusterResolver      : Resolving eureka endpoints via configuration
2021-07-15 17:50:52.360  INFO [rental-service,,] 17968 --- [AsyncResolver-bootstrap-executor-0] c.n.d.s.r.aws.ConfigClusterResolver      : Resolving eureka endpoints via configuration
2021-07-15 17:55:52.365  INFO [rental-service,,] 17968 --- [AsyncResolver-bootstrap-executor-0] c.n.d.s.r.aws.ConfigClusterResolver      : Resolving eureka endpoints via configuration
2021-07-15 18:00:52.378  INFO [rental-service,,] 17968 --- [AsyncResolver-bootstrap-executor-0] c.n.d.s.r.aws.ConfigClusterResolver      : Resolving eureka endpoints via configuration
